#
# A fatal error has been detected by the Java Runtime Environment:
#
#  EXCEPTION_STACK_OVERFLOW (0xc00000fd) at pc=0x0000000063832a37, pid=15096, tid=0x0000000000002620
#
# JRE version: Java(TM) SE Runtime Environment (8.0_92-b14) (build 1.8.0_92-b14)
# Java VM: Java HotSpot(TM) 64-Bit Server VM (25.92-b14 mixed mode windows-amd64 compressed oops)
# Problematic frame:
# V  [jvm.dll+0x212a37]
#
# Failed to write core dump. Minidumps are not enabled by default on client versions of Windows
#
# If you would like to submit a bug report, please visit:
#   http://bugreport.java.com/bugreport/crash.jsp
#

---------------  T H R E A D  ---------------

Current thread (0x0000000019dd2800):  JavaThread "Run command 'D:\java8\bin\java.exe'" [_thread_in_vm, id=9760, stack(0x0000000022c20000,0x0000000022d20000)]

siginfo: ExceptionCode=0xc00000fd, ExceptionInformation=0x0000000000000001 0x0000000022d1e920 

Registers:
RAX=0x0000000022d1e920, RBX=0x0000000000000002, RCX=0x0000000000001000, RDX=0x0000000000000006
RSP=0x0000000022d1f920, RBP=0x0000000000000000, RSI=0x0000000022d1f920, RDI=0x0000000000000002
R8 =0x0000000000000006, R9 =0x000000001b98cdd0, R10=0x00000000146bd400, R11=0x0000000022c2a148
R12=0x000000001b98cdd0, R13=0x0000000019dd2800, R14=0x0000000022d1f9e8, R15=0x00000000146bd400
RIP=0x0000000063832a37, EFLAGS=0x0000000000010202

Top of Stack: (sp=0x0000000022d1f920)
0x0000000022d1f920:   000000001bc16ee0 0000000064154e7e
0x0000000022d1f930:   0000000019dd2800 000000001b98cdd0
0x0000000022d1f940:   00000000ffffffff 0000000063833967
0x0000000022d1f950:   0000000022d1fa50 00000000146bd400
0x0000000022d1f960:   0000000019dd2800 00000000636dfd93
0x0000000022d1f970:   0000000022d1f9b0 0000000019dd2800
0x0000000022d1f980:   0000000022d1fa40 0000000019dd2800
0x0000000022d1f990:   00000000146bd400 0000000019dd2800
0x0000000022d1f9a0:   0000000002973200 0000000019dd2800
0x0000000022d1f9b0:   00000000146bd400 0000000019dd2800
0x0000000022d1f9c0:   00000000146bd400 0000000019dd2800
0x0000000022d1f9d0:   0000000000000001 00000000146bd400
0x0000000022d1f9e0:   0000000019dd2800 00000000170a8260
0x0000000022d1f9f0:   0000000019dd2800 00000000636e127d
0x0000000022d1fa00:   0000000022d1fd08 00000001000069a0
0x0000000022d1fa10:   00000001000069a0 0000000000000000 

Instructions: (pc=0x0000000063832a37)
0x0000000063832a17:   48 89 6c 24 30 33 ed 66 90 e8 cb 38 08 00 ff c3
0x0000000063832a27:   48 63 c8 48 8b c6 48 0f af cf 48 ff c7 48 2b c1
0x0000000063832a37:   89 28 48 63 c3 48 3b 05 7d dc 58 00 7e db 48 8b
0x0000000063832a47:   6c 24 30 48 8b 5c 24 38 48 8b 74 24 40 48 83 c4 


Register to memory mapping:

RAX=0x0000000022d1e920 is pointing into the stack for thread: 0x0000000019dd2800
RBX=0x0000000000000002 is an unknown value
RCX=0x0000000000001000 is an unknown value
RDX=0x0000000000000006 is an unknown value
RSP=0x0000000022d1f920 is pointing into the stack for thread: 0x0000000019dd2800
RBP=0x0000000000000000 is an unknown value
RSI=0x0000000022d1f920 is pointing into the stack for thread: 0x0000000019dd2800
RDI=0x0000000000000002 is an unknown value
R8 =0x0000000000000006 is an unknown value
R9 =0x000000001b98cdd0 is an unknown value
R10=