#
# There is insufficient memory for the Java Runtime Environment to continue.
# Native memory allocation (malloc) failed to allocate 1048576 bytes for AllocateHeap
# Possible reasons:
#   The system is out of physical RAM or swap space
#   In 32 bit mode, the process size limit was hit
# Possible solutions:
#   Reduce memory load on the system
#   Increase physical memory or swap space
#   Check if swap backing store is full
#   Use 64 bit Java on a 64 bit OS
#   Decrease Java heap size (-Xmx/-Xms)
#   Decrease number of Java threads
#   Decrease Java thread stack sizes (-Xss)
#   Set larger code cache with -XX:ReservedCodeCacheSize=
# This output file may be truncated or incomplete.
#
#  Out of Memory Error (memory/allocation.inline.hpp:61), pid=16040, tid=0x0000000000001d78
#
# JRE version:  (8.0_92-b14) (build )
# Java VM: Java HotSpot(TM) 64-Bit Server VM (25.92-b14 mixed mode windows-amd64 compressed oops)
# Failed to write core dump. Minidumps are not enabled by default on client versions of Windows
#

---------------  T H R E A D  ---------------

Current thread (0x00000000029d0800):  JavaThread "Unknown thread" [_thread_in_vm, id=7544, stack(0x00000000028d0000,0x00000000029d0000)]

Stack: [0x00000000028d0000,0x00000000029d0000]
[error occurred during error reporting (printing stack bounds), id 0xc0000005]

Native frames: (J=compiled Java code, j=interpreted, Vv=VM code, C=native code)


---------------  P R O C E S S  ---------------

Java Threads: ( => current thread )

Other Threads:

=>0x00000000029d0800 (exited) JavaThread "Unknown thread" [_thread_in_vm, id=7544, stack(0x00000000028d0000,0x00000000029d0000)]

VM state:not at safepoint (normal execution)

VM Mutex/Monitor currently owned by a thread: None

Heap:
 PSYoungGen      total 38400K, used 665K [0x00000000eab00000, 0x00000000ed580000, 0x0000000100000000)
  eden space 33280K, 2% used [0x00000000eab00000,0x00000000eaba6670,0x00000000ecb80000)
  from space 5120K, 0% used [0x00000000ed080000,0x00000000ed080000,0x00000000ed580000)
  to   space 5120K, 0% used [0x00000000ecb80000,0x00000000ecb80000,0x00000000ed080000)
 ParOldGen       total 87552K, used 0K [0x00000000c0000000, 0x00000000c5580000, 0x00000000eab00000)
  object space 87552K, 0% used [0x00000000c0000000,0x00000000c0000000,0x00000000c5580000)
 Metaspace       used 769K, capacity 4480K, committed 4480K, reserved 1056768K
  class space    used 75K, capacity 384K, committed 384K, reserved 1048576K

Card table byte_map: [0x0000000011e90000,0x00000000120a0000] byte_map_base: 0x0000000011890000

Marking Bits: (ParMarkBitMap*) 0x0000000063e364f0
 Begin Bits: [0x0000000012600000, 0x0000000013600000)
 End Bits:   [0x0000000013600000, 0x0000000014600000)

Polling page: 0x0000000000bc0000

CodeCache: size=245760Kb used=328Kb max_used=328Kb free=245431Kb
 bounds [0x0000000002ad0000, 0x0000000002d40000, 0x0000000011ad0000]
 total_blobs=58 nmethods=0 adapters=38
 compilation: enabled

Compilation events (0 events):
No events

GC Heap History (0 events):
No events

Deoptimization events (0 events):
No events

Internal exceptions (0 events):
No events

Events (10 events):
Event: 0.018 loading class java/lang/Short
Event: 0.018 loading class java/lang/Short done
Event: 0.018 loading class java/lang/Integer
Event: 0.018 loading class java/lang/Integer done
Event: 0.018 loading class java/lang/Long
Event: 0.018 loading class java/lang/Long done
Event: 0.018 loading class java/lang/NullPointerException
Event: 0.018 loading class java/lang/NullPointerException done
Event: 0.018 loading class java/lang/ArithmeticException
Event: 0.018 loading class java/lang/ArithmeticException done


Dynamic libraries:
0x00007ff7acd90000 - 0x00007ff7acdc7000 	D:\java8\bin\java.exe
0x00007ff8461c0000 - 0x00007ff846381000 	C:\WINDOWS\SYSTEM32\ntdll.dll
0x00007ff843b30000 - 0x00007ff843bdd000 	C:\WINDOWS\system32\KERNEL32.DLL
0x00007ff8433d0000 - 0x00007ff8435b8000 	C:\WINDOWS\system32\KERNELBASE.dll
0x00007ff843c50000 - 0x00007ff843cf7000 	C:\WINDOWS\system32\ADVAPI32.dll
0x00007ff843f80000 - 0x00007ff84401d000 	C:\WINDOWS\system32\msvcrt.dll
0x00007ff8435c0000 - 0x00007ff84361b000 	C:\WINDOWS\system32\sechost.dll
0x00007ff843860000 - 0x00007ff84397c000 	C:\WINDOWS\system32\RPCRT4.dll
0x00007ff846060000 - 0x00007ff8461b6000 	C:\WINDOWS\system32\USER32.dll
0x00007ff844020000 - 0x00007ff8441a6000 	C:\WINDOWS\system32\GDI32.dll
0x00007ff83d760000 - 0x00007ff83d9d4000 	C:\WINDOWS\WinSxS\amd64_microsoft.windows.common-controls_6595b64144ccf1df_6.0.10586.494_none_a2d8b04ea53e3145\COMCTL32.dll
0x00007ff845d70000 - 0x00007ff845fed000 	C:\WINDOWS\system32\combase.dll
0x00007ff842ec0000 - 0x00007ff842f2a000 	C:\WINDOWS\system32\bcryptPrimitives.dll
0x00007ff843730000 - 0x00007ff84376b000 	C:\WINDOWS\system32\IMM32.DLL
0x0000000064100000 - 0x00000000641d2000 	D:\java8\jre\bin\msvcr100.dll
0x0000000063620000 - 0x0000000063eb6000 	D:\java8\jre\bin\server\jvm.dll
0x00007ff843d00000 - 0x00007ff843d08000 	C:\WINDOWS\system32\PSAPI.DLL
0x00007ff82ed40000 - 0x00007ff82ed49000 	C:\WINDOWS\SYSTEM32\WSOCK32.dll
0x00007ff845d00000 - 0x00007ff845d6b000 	C:\WINDOWS\system32\WS2_32.dll
0x00007ff840d80000 - 0x00007ff840da3000 	C:\WINDOWS\SYSTEM32\WINMM.dll
0x00007ff83e930000 - 0x00007ff83e93a000 	C:\WINDOWS\SYSTEM32\VERSION.dll
0x00007ff840b60000 - 0x00007ff840b8c000 	C:\WINDOWS\SYSTEM32\WINMMBASE.dll
0x00007ff842ff0000 - 0x00007ff843033000 	C:\WINDOWS\system32\cfgmgr32.dll
0x00000000640f0000 - 0x00000000640ff000 	D:\java8\jre\bin\verify.dll
0x00000000640c0000 - 0x00000000640e9000 	D:\java8\jre\bin\java.dll
0x00000000640a0000 - 0x00000000640b6000 	D:\java8\jre\bin\zip.dll

VM Arguments:
jvm_args: -Xmx1024M -Dfile.encoding=GBK -Duser.country=CN -Duser.language=zh -Duser.variant 
java_command: com.android.dx.command.Main --dex --num-threads=4 --output C:\Users\Administrator\Desktop\MyGreenDAO-master\app\build\intermediates\pre-dexed\debug\classes-935605a10dcfa0802b3620a99776b5782b493264.jar C:\Users\Administrator\Desktop\MyGreenDAO-master\app\build\intermediates\exploded-aar\com.github.yuweiguocn\GreenDaoUpgradeHelper\v0.0.5\jars\classes.jar
java_class_path (initial): D:\Android\sdk\build-tools\23.0.1\lib\dx.jar
Launcher Type: SUN_STANDARD

Environment Variables:
JAVA_HOME=D:\java8
CLASSPATH=.;D:\java8\lib\dt.jar;D:\java8\lib\tools.jar
PATH=C:\ProgramData\Oracle\Java\javapath;C:\WINDOWS\system32;C:\WINDOWS;C:\WINDOWS\System32\Wbem;C:\WINDOWS\System32\WindowsPowerShell\v1.0\;D:\TortoiseSVN1.8\bin;D:\Android\sdk\platform-tools;G:\cdhy;D:\java8\bin;D:\android-studio-ide-143.2771856-windows\android-studio\gradle\gradle-2.10\bin;D:\Node.js4.47\;C:\Users\Administrator\AppData\Roaming\npm
USERNAME=Administrator
OS=Windows_NT
PROCESSOR_IDENTIFIER=Intel64 Family 6 Model 60 Stepping 3, GenuineIntel



---------------  S Y S T E M  ---------------

OS: Windows 10.0 , 64 bit Build 10586 (10.0.10586.0)

CPU:total 4 (4 cores per cpu, 1 threads per core) family 6 model 60 stepping 3, cmov, cx8, fxsr, mmx, sse, sse2, sse3, ssse3, sse4.1, sse4.2, popcnt, avx, avx2, aes, clmul, erms, lzcnt, tsc, tscinvbit, bmi1, bmi2

Memory: 4k page, physical 8334220k(1690584k free), swap 18820104k(5208k free)

vm_info: Java HotSpot(TM) 64-Bit Server VM (25.92-b14) for windows-amd64 JRE (1.8.0_92-b14), built on Mar 31 2016 21:03:04 by "java_re" with MS VC++ 10.0 (VS2010)

time: Thu Aug 04 21:40:04 2016
elapsed time: 0 seconds (0d 0h 0m 0s)

