#
# There is insufficient memory for the Java Runtime Environment to continue.
# Native memory allocation (malloc) failed to allocate 32744 bytes for ChunkPool::allocate
# Possible reasons:
#   The system is out of physical RAM or swap space
#   In 32 bit mode, the process size limit was hit
# Possible solutions:
#   Reduce memory load on the system
#   Increase physical memory or swap space
#   Check if swap backing store is full
#   Use 64 bit Java on a 64 bit OS
#   Decrease Java heap size (-Xmx/-Xms)
#   Decrease number of Java threads
#   Decrease Java thread stack sizes (-Xss)
#   Set larger code cache with -XX:ReservedCodeCacheSize=
# This output file may be truncated or incomplete.
#
#  Out of Memory Error (allocation.cpp:273), pid=16348, tid=0x0000000000002e48
#
# JRE version: Java(TM) SE Runtime Environment (8.0_92-b14) (build 1.8.0_92-b14)
# Java VM: Java HotSpot(TM) 64-Bit Server VM (25.92-b14 mixed mode windows-amd64 compressed oops)
# Failed to write core dump. Minidumps are not enabled by default on client versions of Windows
#

---------------  T H R E A D  ---------------

Current thread (0x00000000168d6800):  JavaThread "C1 CompilerThread2" daemon [_thread_in_native, id=11848, stack(0x0000000016d80000,0x0000000016e80000)]

Stack: [0x0000000016d80000,0x0000000016e80000]
[error occurred during error reporting (printing stack bounds), id 0xc0000005]

Native frames: (J=compiled Java code, j=interpreted, Vv=VM code, C=native code)


Current CompileTask:
C1:   1394 1302       3       com.android.dx.cf.code.Simulator$SimVisitor::visitNoArgs (2108 bytes)


---------------  P R O C E S S  ---------------

Java Threads: ( => current thread )
  0x0000000016b1f000 JavaThread "pool-1-thread-4" [_thread_blocked, id=16572, stack(0x0000000017480000,0x0000000017580000)]
  0x0000000016b1e800 JavaThread "pool-1-thread-3" [_thread_blocked, id=15852, stack(0x0000000017380000,0x0000000017480000)]
  0x0000000016af7000 JavaThread "pool-1-thread-2" [_thread_blocked, id=17204, stack(0x0000000017280000,0x0000000017380000)]
  0x0000000016af6000 JavaThread "pool-2-thread-1" [_thread_blocked, id=17288, stack(0x0000000017180000,0x0000000017280000)]
  0x0000000016b1b000 JavaThread "pool-1-thread-1" [_thread_in_Java, id=16588, stack(0x0000000017080000,0x0000000017180000)]
  0x00000000168d8800 JavaThread "Service Thread" daemon [_thread_blocked, id=6792, stack(0x0000000016e80000,0x0000000016f80000)]
=>0x00000000168d6800 JavaThread "C1 CompilerThread2" daemon [_thread_in_native, id=11848, stack(0x0000000016d80000,0x0000000016e80000)]
  0x000000001526c800 JavaThread "C2 CompilerThread1" daemon [_thread_in_native, id=11964, stack(0x0000000016c80000,0x0000000016d80000)]
  0x0000000015269000 JavaThread "C2 CompilerThread0" daemon [_thread_in_native, id=12008, stack(0x0000000016780000,0x0000000016880000)]
  0x0000000015267800 JavaThread "Attach Listener" daemon [_thread_blocked, id=15368, stack(0x0000000016680000,0x0000000016780000)]
  0x0000000015266000 JavaThread "Signal Dispatcher" daemon [_thread_blocked, id=15592, stack(0x0000000016580000,0x0000000016680000)]
  0x00000000151fa800 JavaThread "Finalizer" daemon [_thread_blocked, id=6956, stack(0x0000000016470000,0x0000000016570000)]
  0x0000000002b2f000 JavaThread "Reference Handler" daemon [_thread_blocked, id=11520, stack(0x0000000016370000,0x0000000016470000)]
  0x0000000002a40800 JavaThread "main" [_thread_blocked, id=16944, stack(0x00000000028a0000,0x00000000029a0000)]

Other Threads:
  0x00000000151d8000 VMThread [stack: 0x0000000016270000,0x0000000016370000] [id=5432]
  0x00000000168f6800 WatcherThread [stack: 0x0000000016f80000,0x0000000017080000] [id=12192]

VM state:not at safepoint (normal execution)

VM Mutex/Monitor currently owned by a thread: None

Heap:
 PSYoungGen      total 38400K, used 10309K [0x00000000eab00000, 0x00000000ed580000, 0x0000000100000000)
  eden space 33280K, 15% used [0x00000000eab00000,0x00000000eb015870,0x00000000ecb80000)
  from space 5120K, 99% used [0x00000000ecb80000,0x00000000ed07bc98,0x00000000ed080000)
  to   space 5120K, 0% used [0x00000000ed080000,0x00000000ed080000,0x00000000ed580000)
 ParOldGen       total 87552K, used 1712K [0x00000000c0000000, 0x00000000c5580000, 0x00000000eab00000)
  object space 87552K, 1% used [0x00000000c0000000,0x00000000c01ac130,0x00000000c5580000)
 Metaspace       used 6004K, capacity 6960K, committed 7040K, reserved 1056768K
  class space    used 597K, capacity 616K, committed 640K, reserved 1048576K

Card table byte_map: [0x0000000011f00000,0x0000000012110000] byte_map_base: 0x0000000011900000

Marking Bits: (ParMarkBitMap*) 0x0000000063e364f0
 Begin Bits: [0x0000000012670000, 0x0000000013670000)
 End Bits:   [0x0000000013670000, 0x0000000014670000)

Polling page: 0x0000000002530000

CodeCache: size=245760Kb used=5130Kb max_used=5143Kb free=240629Kb
 bounds [0x0000000002b40000, 0x0000000003050000, 0x0000000011b40000]
 total_blobs=1557 nmethods=1286 adapters=184
 compilation: enabled

Compilation events (10 events):
Event: 1.390 Thread 0x00000000168d6800 nmethod 1282 0x0000000003041550 code [0x0000000003041700, 0x0000000003041d78]
Event: 1.390 Thread 0x00000000168d6800 1296       3       com.android.dx.cf.direct.DirectClassFile::getSourceFile (31 bytes)
Event: 1.390 Thread 0x00000000168d6800 nmethod 1296 0x0000000003042110 code [0x00000000030422c0, 0x0000000003042878]
Event: 1.390 Thread 0x00000000168d6800 1294       1       com.android.dx.ssa.PhiInsn::getOpcode (2 bytes)
Event: 1.390 Thread 0x00000000168d6800 nmethod 1294 0x000000000302e610 code [0x000000000302e760, 0x000000000302e870]
Event: 1.390 Thread 0x00000000168d6800 1299       1       com.android.dx.rop.annotation.NameValuePair::getValue (5 bytes)
Event: 1.390 Thread 0x00000000168d6800 nmethod 1299 0x0000000003042a10 code [0x0000000003042b60, 0x0000000003042c70]
Event: 1.391 Thread 0x00000000168d6800 1300       3       com.android.dx.cf.code.BasicBlocker::visitNoArgs (298 bytes)
Event: 1.392 Thread 0x00000000168d6800 nmethod 1300 0x0000000003042cd0 code [0x0000000003042f40, 0x0000000003043cf8]
Event: 1.392 Thread 0x00000000168d6800 1302       3       com.android.dx.cf.code.Simulator$SimVisitor::visitNoArgs (2108 bytes)

GC Heap History (2 events):
Event: 1.302 GC heap before
{Heap before GC invocations=1 (full 0):
 PSYoungGen      total 38400K, used 33280K [0x00000000eab00000, 0x00000000ed580000, 0x0000000100000000)
  eden space 33280K, 100% used [0x00000000eab00000,0x00000000ecb80000,0x00000000ecb80000)
  from space 5120K, 0% used [0x00000000ed080000,0x00000000ed080000,0x00000000ed580000)
  to   space 5120K, 0% used [0x00000000ecb80000,0x00000000ecb80000,0x00000000ed080000)
 ParOldGen       total 87552K, used 0K [0x00000000c0000000, 0x00000000c5580000, 0x00000000eab00000)
  object space 87552K, 0% used [0x00000000c0000000,0x00000000c0000000,0x00000000c5580000)
 Metaspace       used 5964K, capacity 6960K, committed 7040K, reserved 1056768K
  class space    used 597K, capacity 616K, committed 640K, reserved 1048576K
Event: 1.368 GC heap after
Heap after GC invocations=1 (full 0):
 PSYoungGen      total 38400K, used 5103K [0x00000000eab00000, 0x00000000ed580000, 0x0000000100000000)
  eden space 33280K, 0% used [0x00000000eab00000,0x00000000eab00000,0x00000000ecb80000)
  from space 5120K, 99% used [0x00000000ecb80000,0x00000000ed07bc98,0x00000000ed080000)
  to   space 5120K, 0% used [0x00000000ed080000,0x00000000ed080000,0x00000000ed580000)
 ParOldGen       total 87552K, used 1712K [0x00000000c0000000, 0x00000000c5580000, 0x00000000eab00000)
  object space 87552K, 1% used [0x00000000c0000000,0x00000000c01ac130,0x00000000c5580000)
 Metaspace       used 5964K, capacity 6960K, committed 7040K, reserved 1056768K
  class space    used 597K, capacity 616K, committed 640K, reserved 1048576K
}

Deoptimization events (10 events):
Event: 1.093 Thread 0x0000000016b1f000 Uncommon trap: reason=unstable_if action=reinterpret pc=0x0000000002e2557c method=com.android.dx.rop.code.RegisterSpec.equals(ILcom/android/dx/rop/type/TypeBearer;Lcom/android/dx/rop/code/LocalItem;)Z @ 16
Event: 1.093 Thread 0x0000000016b1f000 Uncommon trap: reason=unstable_if action=reinterpret pc=0x0000000002db09b4 method=java.util.BitSet.ensureCapacity(I)V @ 6
Event: 1.094 Thread 0x0000000016b1f000 Uncommon trap: reason=unstable_if action=reinterpret pc=0x0000000002d7e470 method=java.util.BitSet.nextSetBit(I)I @ 87
Event: 1.107 Thread 0x0000000016af7000 Uncommon trap: reason=unstable_if action=reinterpret pc=0x0000000002e52fd8 method=com.android.dx.rop.code.LocalItem.hashCode()I @ 25
Event: 1.107 Thread 0x0000000016af7000 Uncommon trap: reason=unstable_if action=reinterpret pc=0x0000000002e00bdc method=com.android.dx.rop.code.LocalItem.hashCode()I @ 25
Event: 1.120 Thread 0x0000000016b1f000 Uncommon trap: reason=unstable_if action=reinterpret pc=0x0000000002da71b8 method=java.util.HashMap.getNode(ILjava/lang/Object;)Ljava/util/HashMap$Node; @ 62
Event: 1.120 Thread 0x0000000016b1f000 Uncommon trap: reason=unstable_if action=reinterpret pc=0x0000000002e008dc method=com.android.dx.rop.cst.Constant.compareTo(Lcom/android/dx/rop/cst/Constant;)I @ 12
Event: 1.128 Thread 0x0000000016b1e800 Uncommon trap: reason=bimorphic action=maybe_recompile pc=0x0000000002e9efe0 method=java.util.HashMap.getNode(ILjava/lang/Object;)Ljava/util/HashMap$Node; @ 126
Event: 1.146 Thread 0x0000000016af7000 Uncommon trap: reason=unstable_if action=reinterpret pc=0x0000000002eec324 method=com.android.dx.ssa.SsaRenamer$BlockRenamer.addMapping(ILcom/android/dx/rop/code/RegisterSpec;)V @ 120
Event: 1.253 Thread 0x0000000016b1b000 Uncommon trap: reason=null_check action=make_not_entrant pc=0x0000000002e57128 method=com.android.dx.rop.type.Type.equals(Ljava/lang/Object;)Z @ 8

Internal exceptions (3 events):
Event: 0.024 Thread 0x0000000002a40800 Exception <a 'java/lang/NoSuchMethodError': Method sun.misc.Unsafe.defineClass(Ljava/lang/String;[BII)Ljava/lang/Class; name or signature does not match> (0x00000000eab07cc0) thrown at [D:\re\workspace\8-2-build-windows-amd64-cygwin\jdk8u92\6642\hotspot\sr¶oèg˜?
Event: 0.024 Thread 0x0000000002a40800 Exception <a 'java/lang/NoSuchMethodError': Method sun.misc.Unsafe.prefetchRead(Ljava/lang/Object;J)V name or signature does not match> (0x00000000eab07fa8) thrown at [D:\re\workspace\8-2-build-windows-amd64-cygwin\jdk8u92\6642\hotspot\src\share\vm\prims\jCü4™Hô?
Event: 1.253 Thread 0x0000000016b1b000 Implicit null exception at 0x0000000002e57022 to 0x0000000002e5711a

Events (10 events):
Event: 1.146 Thread 0x0000000016af7000 Uncommon trap: trap_request=0xffffff65 fr.pc=0x0000000002eec324
Event: 1.146 Thread 0x0000000016af7000 DEOPT PACKING pc=0x0000000002eec324 sp=0x000000001737e690
Event: 1.146 Thread 0x0000000016af7000 DEOPT UNPACKING pc=0x0000000002b8582a sp=0x000000001737e620 mode 2
Event: 1.229 Executing VM operation: ForceSafepoint
Event: 1.230 Executing VM operation: ForceSafepoint done
Event: 1.253 Thread 0x0000000016b1b000 Uncommon trap: trap_request=0xfffffff4 fr.pc=0x0000000002e57128
Event: 1.253 Thread 0x0000000016b1b000 DEOPT PACKING pc=0x0000000002e57128 sp=0x000000001717e730
Event: 1.253 Thread 0x0000000016b1b000 DEOPT UNPACKING pc=0x0000000002b8582a sp=0x000000001717e6c8 mode 2
Event: 1.302 Executing VM operation: ParallelGCFailedAllocation
Event: 1.368 Executing VM operation: ParallelGCFailedAllocation done


Dynamic libraries:
0x00007ff7acd90000 - 0x00007ff7acdc7000 	D:\java8\bin\java.exe
0x00007ff8461c0000 - 0x00007ff846381000 	C:\WINDOWS\SYSTEM32\ntdll.dll
0x00007ff843b30000 - 0x00007ff843bdd000 	C:\WINDOWS\system32\KERNEL32.DLL
0x00007ff8433d0000 - 0x00007ff8435b8000 	C:\WINDOWS\system32\KERNELBASE.dll
0x00007ff843c50000 - 0x00007ff843cf7000 	C:\WINDOWS\system32\ADVAPI32.dll
0x00007ff843f80000 - 0x00007ff84401d000 	C:\WINDOWS\system32\msvcrt.dll
0x00007ff8435c0000 - 0x00007ff84361b000 	C:\WINDOWS\system32\sechost.dll
0x00007ff843860000 - 0x00007ff84397c000 	C:\WINDOWS\system32\RPCRT4.dll
0x00007ff846060000 - 0x00007ff8461b6000 	C:\WINDOWS\system32\USER32.dll
0x00007ff844020000 - 0x00007ff8441a6000 	C:\WINDOWS\system32\GDI32.dll
0x00007ff83d760000 - 0x00007ff83d9d4000 	C:\WINDOWS\WinSxS\amd64_microsoft.windows.common-controls_6595b64144ccf1df_6.0.10586.494_none_a2d8b04ea53e3145\COMCTL32.dll
0x00007ff845d70000 - 0x00007ff845fed000 	C:\WINDOWS\system32\combase.dll
0x00007ff842ec0000 - 0x00007ff842f2a000 	C:\WINDOWS\system32\bcryptPrimitives.dll
0x00007ff843730000 - 0x00007ff84376b000 	C:\WINDOWS\system32\IMM32.DLL
0x0000000064100000 - 0x00000000641d2000 	D:\java8\jre\bin\msvcr100.dll
0x0000000063620000 - 0x0000000063eb6000 	D:\java8\jre\bin\server\jvm.dll
0x00007ff843d00000 - 0x00007ff843d08000 	C:\WINDOWS\system32\PSAPI.DLL
0x00007ff82ed40000 - 0x00007ff82ed49000 	C:\WINDOWS\SYSTEM32\WSOCK32.dll
0x00007ff845d00000 - 0x00007ff845d6b000 	C:\WINDOWS\system32\WS2_32.dll
0x00007ff840d80000 - 0x00007ff840da3000 	C:\WINDOWS\SYSTEM32\WINMM.dll
0x00007ff840b60000 - 0x00007ff840b8c000 	C:\WINDOWS\SYSTEM32\WINMMBASE.dll
0x00007ff842ff0000 - 0x00007ff843033000 	C:\WINDOWS\system32\cfgmgr32.dll
0x00007ff83e930000 - 0x00007ff83e93a000 	C:\WINDOWS\SYSTEM32\VERSION.dll
0x00000000640f0000 - 0x00000000640ff000 	D:\java8\jre\bin\verify.dll
0x00000000640c0000 - 0x00000000640e9000 	D:\java8\jre\bin\java.dll
0x00000000640a0000 - 0x00000000640b6000 	D:\java8\jre\bin\zip.dll
0x00007ff844360000 - 0x00007ff8458bc000 	C:\WINDOWS\system32\SHELL32.dll
0x00007ff842870000 - 0x00007ff842eb5000 	C:\WINDOWS\system32\windows.storage.dll
0x00007ff846000000 - 0x00007ff846052000 	C:\WINDOWS\system32\shlwapi.dll
0x00007ff842860000 - 0x00007ff84286f000 	C:\WINDOWS\system32\kernel.appcore.dll
0x00007ff842f30000 - 0x00007ff842fe5000 	C:\WINDOWS\system32\shcore.dll
0x00007ff842810000 - 0x00007ff84285b000 	C:\WINDOWS\system32\powrprof.dll
0x00007ff8427e0000 - 0x00007ff8427f4000 	C:\WINDOWS\system32\profapi.dll

VM Arguments:
jvm_args: -Xmx1024M -Dfile.encoding=GBK -Duser.country=CN -Duser.language=zh -Duser.variant 
java_command: com.android.dx.command.Main --dex --num-threads=4 --output C:\Users\Administrator\Desktop\MyGreenDAO-master\app\build\intermediates\pre-dexed\debug\classes-e11968f81f4b8a775ba279086072d0579643d793.jar C:\Users\Administrator\Desktop\MyGreenDAO-master\app\build\intermediates\exploded-aar\com.android.support\appcompat-v7\22.2.1\jars\classes.jar
java_class_path (initial): D:\Android\sdk\build-tools\23.0.1\lib\dx.jar
Launcher Type: SUN_STANDARD

Environment Variables:
JAVA_HOME=D:\java8
CLASSPATH=.;D:\java8\lib\dt.jar;D:\java8\lib\tools.jar
PATH=C:\ProgramData\Oracle\Java\javapath;C:\WINDOWS\system32;C:\WINDOWS;C:\WINDOWS\System32\Wbem;C:\WINDOWS\System32\WindowsPowerShell\v1.0\;D:\TortoiseSVN1.8\bin;D:\Android\sdk\platform-tools;G:\cdhy;D:\java8\bin;D:\android-studio-ide-143.2771856-windows\android-studio\gradle\gradle-2.10\bin;D:\Node.js4.47\;C:\Users\Administrator\AppData\Roaming\npm
USERNAME=Administrator
OS=Windows_NT
PROCESSOR_IDENTIFIER=Intel64 Family 6 Model 60 Stepping 3, GenuineIntel



---------------  S Y S T E M  ---------------

OS: Windows 10.0 , 64 bit Build 10586 (10.0.10586.0)

CPU:total 4 (4 cores per cpu, 1 threads per core) family 6 model 60 stepping 3, cmov, cx8, fxsr, mmx, sse, sse2, sse3, ssse3, sse4.1, sse4.2, popcnt, avx, avx2, aes, clmul, erms, lzcnt, tsc, tscinvbit, bmi1, bmi2

Memory: 4k page, physical 8334220k(1701556k free), swap 18820104k(4108k free)

vm_info: Java HotSpot(TM) 64-Bit Server VM (25.92-b14) for windows-amd64 JRE (1.8.0_92-b14), built on Mar 31 2016 21:03:04 by "java_re" with MS VC++ 10.0 (VS2010)

time: Thu Aug 04 21:41:00 2016
elapsed time: 1 seconds (0d 0h 0m 1s)

